<?xml version="1.0" encoding="UTF-8"?>
<!-- Generated by org.testng.reporters.JUnitXMLReporter -->
<testsuite ignored="0" hostname="Arus" failures="2" tests="6" name="LoginTests" time="56.495" errors="0" timestamp="2025-11-20T19:23:26 ICT">
  <testcase classname="testcases.Railway.LoginTests" name="TC01" time="5.717"/>
  <testcase classname="testcases.Railway.LoginTests" name="TC02" time="4.758"/>
  <testcase classname="testcases.Railway.LoginTests" name="TC03" time="6.875">
    <failure type="java.lang.AssertionError" message="Error message is not displayed as expected expected [There was a problem with your login and/or errors exist in your form.] but found [Invalid username or password. Please try again.]">
      <![CDATA[java.lang.AssertionError: Error message is not displayed as expected expected [There was a problem with your login and/or errors exist in your form.] but found [Invalid username or password. Please try again.]
at testcases.Railway.LoginTests.TC03(LoginTests.java:77)
at java.base/java.util.ArrayList.forEach(ArrayList.java:1541)
at com.intellij.rt.testng.IDEARemoteTestNG.run(IDEARemoteTestNG.java:65)
at com.intellij.rt.testng.RemoteTestNGStarter.main(RemoteTestNGStarter.java:105)
... Removed 29 stack frames]]>
    </failure>
  </testcase> <!-- TC03 -->
  <testcase classname="testcases.Railway.LoginTests" name="TC04" time="3.718"/>
  <testcase classname="testcases.Railway.LoginTests" name="TC05" time="7.208">
    <failure type="java.lang.AssertionError" message="Error message is not displayed as expected expected [You have used 4 out of 5 login attempts. After all 5 have been used, you will be unable to login for 15 minutes.] but found [Invalid username or password. Please try again.]">
      <![CDATA[java.lang.AssertionError: Error message is not displayed as expected expected [You have used 4 out of 5 login attempts. After all 5 have been used, you will be unable to login for 15 minutes.] but found [Invalid username or password. Please try again.]
at testcases.Railway.LoginTests.TC05(LoginTests.java:107)
at java.base/java.util.ArrayList.forEach(ArrayList.java:1541)
at com.intellij.rt.testng.IDEARemoteTestNG.run(IDEARemoteTestNG.java:65)
at com.intellij.rt.testng.RemoteTestNGStarter.main(RemoteTestNGStarter.java:105)
... Removed 29 stack frames]]>
    </failure>
  </testcase> <!-- TC05 -->
  <testcase classname="testcases.Railway.LoginTests" name="TC06" time="6.686"/>
</testsuite> <!-- LoginTests -->
